Sat Dec 12 19:30:42 CET 2020 : Apache Derby Network Server - 10.14.2.0 - (1828579) démarré et prêt à accepter les connexions sur le port 1527
----------------------------------------------------------------
Sat Dec 12 19:30:42 CET 2020:
Amorçage de Derby version The Apache Software Foundation - Apache Derby - 10.14.2.0 - (1828579) : instance a816c00e-0176-5838-21a5-0000291c67e1 
dans le répertoire de base de données C:\Users\moham\OneDrive\Documents\GitHub\LO54-FRONT-END\data\derby\lo54Project\LO54_Project avec le chargeur de classe jdk.internal.loader.ClassLoaders$AppClassLoader@2cdf8d8a
Chargé de file:/C:/Users/moham/OneDrive/Documents/Scolaire/LO54-2/TP/LO54/App/jdk/db/lib/derby.jar
java.vendor=Oracle Corporation
java.runtime.version=11.0.4+10-LTS
user.dir=C:\Users\moham\OneDrive\Documents\Scolaire\LO54-2\TP\LO54\App\jdk\db
os.name=Windows 10
os.arch=amd64
os.version=10.0
derby.system.home=C:\Users\moham\OneDrive\Documents\GitHub\LO54-FRONT-END\data\derby\lo54Project
Chargeur de classe de la base de données démarré - derby.database.classpath = ''
----------------------------------------------------------------
Sat Dec 12 19:30:43 CET 2020:
Fermeture de l'instance a816c00e-0176-5838-21a5-0000291c67e1 sur le répertoire de base de données C:\Users\moham\OneDrive\Documents\GitHub\LO54-FRONT-END\data\derby\lo54Project\LO54_Project avec le chargeur de classe jdk.internal.loader.ClassLoaders$AppClassLoader@2cdf8d8a 
Sat Dec 12 19:30:43 CET 2020 Thread[DRDAConnThread_3,5,main] (DATABASE = LO54_Project), (DRDAID = {2}), Arrêt de la base de données 'LO54_Project'.
----------------------------------------------------------------
Sat Dec 12 19:30:49 CET 2020:
Amorçage de Derby version The Apache Software Foundation - Apache Derby - 10.14.2.0 - (1828579) : instance 6ede40af-0176-5838-21a5-0000291c67e1 
dans le répertoire de base de données C:\Users\moham\OneDrive\Documents\GitHub\LO54-FRONT-END\data\derby\lo54Project\LO54_Project avec le chargeur de classe jdk.internal.loader.ClassLoaders$AppClassLoader@2cdf8d8a
Chargé de file:/C:/Users/moham/OneDrive/Documents/Scolaire/LO54-2/TP/LO54/App/jdk/db/lib/derby.jar
java.vendor=Oracle Corporation
java.runtime.version=11.0.4+10-LTS
user.dir=C:\Users\moham\OneDrive\Documents\Scolaire\LO54-2\TP\LO54\App\jdk\db
os.name=Windows 10
os.arch=amd64
os.version=10.0
derby.system.home=C:\Users\moham\OneDrive\Documents\GitHub\LO54-FRONT-END\data\derby\lo54Project
Chargeur de classe de la base de données démarré - derby.database.classpath = ''
----------------------------------------------------------------
Sat Dec 12 19:31:12 CET 2020 : fermeture du moteur Derby
----------------------------------------------------------------
Sat Dec 12 19:31:12 CET 2020:
Fermeture de l'instance 6ede40af-0176-5838-21a5-0000291c67e1 sur le répertoire de base de données C:\Users\moham\OneDrive\Documents\GitHub\LO54-FRONT-END\data\derby\lo54Project\LO54_Project avec le chargeur de classe jdk.internal.loader.ClassLoaders$AppClassLoader@2cdf8d8a 
----------------------------------------------------------------
